"../../../Engine/Content/Animation/DefaultAnimBoneCompressionSettings.uasset" 0
"../../../Engine/Content/Animation/DefaultAnimCurveCompressionSettings.uasset" 1
"../../../Engine/Content/EngineMaterials/T_Default_Material_Grid_N.uasset" 2
"../../../Engine/Content/EngineMaterials/T_Default_Material_Grid_M.uasset" 3
"../../../Engine/Content/Functions/Engine_MaterialFunctions01/Opacity/CameraDepthFade.uasset" 4
"../../../Engine/Content/EngineMaterials/WorldGridMaterial.uasset" 5
"../../../Engine/Content/ArtTools/RenderToTexture/Meshes/S_1_Unit_Plane.uasset" 6
"../../../Engine/Content/EngineMaterials/DefaultMaterial.uasset" 7
"../../../Engine/Content/BasicShapes/Cone.uasset" 8
"../../../Engine/Content/BasicShapes/Cube.uasset" 9
"../../../Engine/Content/BasicShapes/Plane.uasset" 10
"../../../Engine/Content/BasicShapes/Sphere.uasset" 11
"../../../Engine/Content/EditorLandscapeResources/DataLayer.uasset" 12
"../../../Engine/Content/EditorLandscapeResources/DefaultAlphaTexture.uasset" 13
"../../../Engine/Content/EditorMaterials/MAT_Groups_Toggle.uasset" 14
"../../../Engine/Content/EditorMaterials/MAT_Groups_Visibility.uasset" 15
"../../../Engine/Content/EditorMaterials/PreviewShadowIndicator.uasset" 16
"../../../Engine/Content/EditorMaterials/PreviewShadowIndicatorMaterial.uasset" 17
"../../../Engine/Content/EditorMaterials/MatineeGroups/MAT_ColorTrack.uasset" 18
"../../../Engine/Content/EditorMaterials/MatineeGroups/MAT_Groups_Anim.uasset" 19
"../../../Engine/Content/EditorMaterials/MatineeGroups/MAT_Groups_AudioMaster.uasset" 20
"../../../Engine/Content/EditorMaterials/MatineeGroups/MAT_Groups_Director.uasset" 21
"../../../Engine/Content/EditorMaterials/MatineeGroups/MAT_Groups_Event.uasset" 22
"../../../Engine/Content/EditorMaterials/MatineeGroups/MAT_Groups_Fade.uasset" 23
"../../../Engine/Content/EditorMaterials/MatineeGroups/MAT_Groups_Float.uasset" 24
"../../../Engine/Content/EditorMaterials/MatineeGroups/MAT_Groups_Move.uasset" 25
"../../../Engine/Content/EditorMaterials/MatineeGroups/MAT_Groups_Slomo.uasset" 26
"../../../Engine/Content/EditorMaterials/MatineeGroups/MAT_Groups_Sound.uasset" 27
"../../../Engine/Content/EditorMaterials/MatineeGroups/MAT_Groups_Vector.uasset" 28
"../../../Engine/Content/EditorMaterials/ParticleSystems/PSysThumbnail_NoImage.uasset" 29
"../../../Engine/Content/EditorMaterials/ParticleSystems/PSysThumbnail_OOD.uasset" 30
"../../../Engine/Content/EditorMaterials/Camera/CineMat.uasset" 31
"../../../Engine/Content/EditorMaterials/Camera/MI_CineMat_Rig.uasset" 32
"../../../Engine/Content/EditorMeshes/Camera/SM_CraneRig_Arm.uasset" 33
"../../../Engine/Content/EditorMeshes/Camera/SM_CraneRig_Base.uasset" 34
"../../../Engine/Content/EditorMeshes/Camera/SM_CraneRig_Body.uasset" 35
"../../../Engine/Content/EditorMeshes/Camera/SM_CraneRig_Mount.uasset" 36
"../../../Engine/Content/EditorMeshes/Camera/SM_RailRig_Mount.uasset" 37
"../../../Engine/Content/EditorMeshes/Camera/SM_RailRig_Track.uasset" 38
"../../../Engine/Content/EditorResources/BSPVertex.uasset" 39
"../../../Engine/Content/EditorResources/EmptyActor.uasset" 40
"../../../Engine/Content/EditorResources/S_Actor.uasset" 41
"../../../Engine/Content/EditorResources/S_Note.uasset" 42
"../../../Engine/Content/EditorResources/S_Solver.uasset" 43
"../../../Engine/Content/EditorResources/S_Terrain.uasset" 44
"../../../Engine/Content/EditorResources/S_Trigger.uasset" 45
"../../../Engine/Content/EditorResources/LightIcons/S_LightError.uasset" 46
"../../../Engine/Content/EditorResources/SequenceRecorder/Countdown.uasset" 47
"../../../Engine/Content/EditorResources/SequenceRecorder/RecordingIndicator.uasset" 48
"../../../Engine/Content/EngineDamageTypes/DmgTypeBP_Environmental.uasset" 49
"../../../Engine/Content/EngineDebugMaterials/DebugEditorMaterial.uasset" 50
"../../../Engine/Content/EngineDebugMaterials/DebugMeshMaterial.uasset" 51
"../../../Engine/Content/EngineDebugMaterials/M_SimpleUnlitTranslucent.uasset" 52
"../../../Engine/Content/EngineDebugMaterials/VolumeToRender.uasset" 53
"../../../Engine/Content/Functions/Engine_MaterialFunctions02/Utility/CameraDirectionVector.uasset" 54
"../../../Engine/Content/EngineDebugMaterials/M_VolumeRenderSphereTracePP.uasset" 55
"../../../Engine/Content/Functions/Engine_MaterialFunctions01/Shading/ConvertFromDiffSpec.uasset" 56
"../../../Engine/Content/EngineDebugMaterials/VertexColorMaterial.uasset" 57
"../../../Engine/Content/EngineDebugMaterials/WireframeMaterial.uasset" 58
"../../../Engine/Content/EngineFonts/Faces/RobotoRegular.uasset" 59
"../../../Engine/Content/EngineFonts/Faces/RobotoLight.uasset" 60
"../../../Engine/Content/EngineFonts/Faces/RobotoItalic.uasset" 61
"../../../Engine/Content/EngineFonts/Faces/RobotoBoldItalic.uasset" 62
"../../../Engine/Content/EngineFonts/Faces/RobotoBold.uasset" 63
"../../../Engine/Content/EngineFonts/Faces/DroidSansFallback.uasset" 64
"../../../Engine/Content/EngineFonts/Roboto.uasset" 65
"../../../Engine/Content/EngineMaterials/BaseFlattenNormalMap.uasset" 66
"../../../Engine/Content/EngineMaterials/BaseFlattenGrayscaleMap.uasset" 67
"../../../Engine/Content/EngineMaterials/BaseFlattenEmissiveMap.uasset" 68
"../../../Engine/Content/EngineMaterials/BaseFlattenDiffuseMap.uasset" 69
"../../../Engine/Content/EngineMaterials/BaseFlattenMaterial.uasset" 70
"../../../Engine/Content/EngineMaterials/BlueNoise.uasset" 71
"../../../Engine/Content/EngineMaterials/DefaultBloomKernel.uasset" 72
"../../../Engine/Content/EngineMaterials/DefaultBokeh.uasset" 73
"../../../Engine/Content/EngineMaterials/DefaultDiffuse.uasset" 74
"../../../Engine/Content/EngineMaterials/DefaultDeferredDecalMaterial.uasset" 75
"../../../Engine/Content/EngineMaterials/DefaultLightFunctionMaterial.uasset" 76
"../../../Engine/Content/EngineMaterials/DefaultPhysicalMaterial.uasset" 77
"../../../Engine/Content/Functions/Engine_MaterialFunctions02/Utility/BreakOutFloat2Components.uasset" 78
"../../../Engine/Content/EngineMaterials/DefaultPostProcessMaterial.uasset" 79
"../../../Engine/Content/EngineFonts/RobotoDistanceField.uasset" 80
"../../../Engine/Content/EngineMaterials/DefaultTextMaterialOpaque.uasset" 81
"../../../Engine/Content/EngineMaterials/DefaultWhiteGrid.uasset" 82
"../../../Engine/Content/EngineMaterials/DefaultWhiteGrid_Low.uasset" 83
"../../../Engine/Content/EngineMaterials/EmissiveMeshMaterial.uasset" 84
"../../../Engine/Content/EngineMaterials/GizmoMaterial.uasset" 85
"../../../Engine/Content/EngineMaterials/Good64x64TilingNoiseHighFreq.uasset" 86
"../../../Engine/Content/EngineMaterials/MiniFont.uasset" 87
"../../../Engine/Content/EngineMaterials/InvalidLightmapSettings.uasset" 88
"../../../Engine/Content/EngineMaterials/M_InvalidLightmapSettings.uasset" 89
"../../../Engine/Content/Functions/Engine_MaterialFunctions02/WorldPositionOffset/CameraOffset.uasset" 90
"../../../Engine/Content/EngineMaterials/PhAT_JointLimitMaterial.uasset" 91
"../../../Engine/Content/EngineMaterials/PreintegratedSkinBRDF.uasset" 92
"../../../Engine/Content/EngineMaterials/RemoveSurfaceMaterial.uasset" 93
"../../../Engine/Content/EngineMaterials/WeightMapPlaceholderTexture.uasset" 94
"../../../Engine/Content/EngineResources/WhiteSquareTexture.uasset" 95
"../../../Engine/Content/EngineMaterials/Widget3DPassThrough.uasset" 96
"../../../Engine/Content/EngineMaterials/Widget3DPassThrough_Masked.uasset" 97
"../../../Engine/Content/EngineMaterials/Widget3DPassThrough_Opaque.uasset" 98
"../../../Engine/Content/EngineMaterials/Widget3DPassThrough_Masked_OneSided.uasset" 99
"../../../Engine/Content/EngineMaterials/Widget3DPassThrough_Opaque_OneSided.uasset" 100
"../../../Engine/Content/EngineMaterials/Widget3DPassThrough_Translucent.uasset" 101
"../../../Engine/Content/EngineMaterials/Widget3DPassThrough_Translucent_OneSided.uasset" 102
"../../../Engine/Content/EngineMeshes/Cylinder.uasset" 103
"../../../Engine/Content/EngineMeshes/Sphere.uasset" 104
"../../../Engine/Content/EngineResources/Black.uasset" 105
"../../../Engine/Content/EngineResources/DefaultTextureCube.uasset" 106
"../../../Engine/Content/EngineResources/DefaultVolumeTexture2D.uasset" 107
"../../../Engine/Content/EngineResources/DefaultVolumeTexture.uasset" 108
"../../../Engine/Content/EngineResources/GradientTexture0.uasset" 109
"../../../Engine/Content/EngineSky/VolumetricClouds/T_NoiseShape64.uasset" 110
"../../../Engine/Content/EngineSky/VolumetricClouds/T_VolumeNoiseShape64.uasset" 111
"../../../Engine/Content/EngineSky/VolumetricClouds/T_NoiseErosion.uasset" 112
"../../../Engine/Content/EngineSky/VolumetricClouds/T_VolumeNoiseErosion32.uasset" 113
"../../../Engine/Content/EngineSky/VolumetricClouds/CloudWeatherTexture.uasset" 114
"../../../Engine/Content/EngineSky/VolumetricClouds/CloudGradientTexture.uasset" 115
"../../../Engine/Content/Functions/Engine_MaterialFunctions02/Utility/MakeFloat2.uasset" 116
"../../../Engine/Content/EngineSky/VolumetricClouds/m_SimpleVolumetricCloud.uasset" 117
"../../../Engine/Content/EngineSky/VolumetricClouds/m_SimpleVolumetricCloud_Inst.uasset" 118
"../../../Engine/Content/EngineSounds/Master.uasset" 119
"../../../Engine/Content/Functions/Engine_MaterialFunctions01/Shading/PowerToRoughness.uasset" 120
"../../../Engine/Content/Maps/Templates/Thumbnails/Default.uasset" 121
"../../../Engine/Content/Maps/Templates/Thumbnails/TimeOfDay.uasset" 122
"../../../Engine/Content/Maps/Templates/Thumbnails/VR-Basic.uasset" 123
"../../../Engine/Content/MobileResources/T_MobileControls_texture.uasset" 124
"../../../Engine/Content/MobileResources/T_MobileMenu2.uasset" 125
"../../../Engine/Content/MobileResources/HUD/AnalogHat.uasset" 126
"../../../Engine/Content/MobileResources/HUD/VirtualJoystick_Thumb.uasset" 127
"../../../Engine/Content/MobileResources/HUD/VirtualJoystick_Background.uasset" 128
"../../../Engine/Content/MobileResources/HUD/DefaultVirtualJoysticks.uasset" 129
"../../../Engine/Content/MobileResources/HUD/LeftVirtualJoystickOnly.uasset" 130
"../../../Engine/Content/MobileResources/HUD/MobileHUDButton1_off.uasset" 131
"../../../Engine/Content/MobileResources/HUD/MobileHUDButton1_on.uasset" 132
"../../../Engine/Content/MobileResources/HUD/MobileHUDButton2_off.uasset" 133
"../../../Engine/Content/MobileResources/HUD/MobileHUDButton2_on.uasset" 134
"../../../Engine/Content/MobileResources/HUD/MobileHUDButton3.uasset" 135
"../../../Engine/Content/MobileResources/HUD/MobileHUDButtonFire.uasset" 136
"../../../Engine/Content/MobileResources/HUD/MobileHUDDirectionPad.uasset" 137
"../../../Engine/Content/MobileResources/HUD/MobileHUDDirectionPad2.uasset" 138
"../../../Engine/Content/MobileResources/HUD/MobileHUDDirectionPad3.uasset" 139
"../../../Engine/Content/MobileResources/HUD/MobileHUDDirectionStick.uasset" 140
"../../../Engine/Content/MobileResources/HUD/T_Castle_ThumbstickInner.uasset" 141
"../../../Engine/Content/MobileResources/HUD/T_Castle_ThumbstickOutter.uasset" 142
"../../../Engine/Content/Tutorial/ContentIntroCurve.uasset" 143
"../../../Engine/Content/Tutorial/Basics/LevelEditorAttract.uasset" 144
"../../../Engine/Content/Tutorial/BlueprintTutorials/TutorialAssets/Blueprint_64x.uasset" 145
"../../../Engine/Content/Tutorial/BlueprintTutorials/LevelBlueprintEditorOverview.uasset" 146
"../../../Engine/Content/Tutorial/Installation/InstallingVisualStudioTutorial.uasset" 147
"../../../Engine/Content/VREditor/TransformGizmo/TranslucentTransformGizmoMaterial.uasset" 148
"../../../Engine/Content/VREditor/LaserPointer/VR_LaserPower_01.uasset" 149
"../../../Engine/Content/VREditor/TransformGizmo/TransformGizmoMaterial.uasset" 150
"../../../Engine/Content/VREditor/TransformGizmo/BoundingBoxCorner.uasset" 151
"../../../Engine/Content/VREditor/TransformGizmo/BoundingBoxEdge.uasset" 152
"../../../Engine/Content/VREditor/TransformGizmo/PlaneTranslationHandle.uasset" 153
"../../../Engine/Content/VREditor/TransformGizmo/Xray.uasset" 154
"../../../Engine/Content/VREditor/TransformGizmo/Main.uasset" 155
"../../../Engine/Content/VREditor/TransformGizmo/SM_Sequencer_Key.uasset" 156
"../../../Engine/Content/VREditor/TransformGizmo/SM_Sequencer_Node.uasset" 157
"../../Plugins/2D/Paper2D/Content/PlaceholderTextures/DummySpriteTexture.uasset" 158
"../../Plugins/2D/Paper2D/Content/DummySprite.uasset" 159
"../../Plugins/2D/Paper2D/Content/DefaultPaperTerrainMaterial.uasset" 160
"../../Plugins/2D/Paper2D/Content/DefaultSpriteMaterial.uasset" 161
"../../Plugins/2D/Paper2D/Content/MaskedUnlitSpriteMaterial.uasset" 162
"../../Plugins/2D/Paper2D/Content/OpaqueUnlitSpriteMaterial.uasset" 163
"../../Plugins/Runtime/SunPosition/Content/Editor/M_ArrowColor.uasset" 164
"../../Plugins/Runtime/SunPosition/Content/Editor/MI_ArrowColorRed.uasset" 165
"../../Plugins/Runtime/SunPosition/Content/Editor/MI_ArrowColorGrey.uasset" 166
"../../Plugins/Runtime/SunPosition/Content/Editor/SM_Compass.uasset" 167
"../../../Engine/Content/EngineSky/T_Sky_Stars.uasset" 168
"../../../Engine/Content/EngineSky/T_Sky_Clouds_M.uasset" 169
"../../../Engine/Content/EngineSky/T_Sky_Blue.uasset" 170
"../../../Engine/Content/EngineSky/M_Sky_Panning_Clouds2.uasset" 171
"../../../Engine/Content/EngineSky/SM_SkySphere.uasset" 172
"../../../Engine/Content/EngineSky/C_Sky_Zenith_Color.uasset" 173
"../../../Engine/Content/EngineSky/C_Sky_Horizon_Color.uasset" 174
"../../../Engine/Content/EngineSky/C_Sky_Cloud_Color.uasset" 175
"../../../Engine/Content/EditorBlueprintResources/StandardMacros.uasset" 176
"../../../Engine/Content/EngineSky/BP_Sky_Sphere.uasset" 177
"../../Plugins/Runtime/SunPosition/Content/SunSky.uasset" 178
"../../../Engine/Content/Functions/Engine_MaterialFunctions02/Utility/BreakOutFloat3Components.uasset" 179
"../../Plugins/Editor/SpeedTreeImporter/Content/SpeedTree9/UnpackInteger3.uasset" 180
"../../Plugins/Editor/SpeedTreeImporter/Content/SpeedTree9/UnpackDirection.uasset" 181
"../../Plugins/Editor/SpeedTreeImporter/Content/SpeedTree9/game_wind_noise.uasset" 182
"../../../Engine/Content/Functions/Engine_MaterialFunctions02/SafeNormalize.uasset" 183
"../../Plugins/Editor/SpeedTreeImporter/Content/SpeedTree9/SpeedTreeWindMotion.uasset" 184
"../../Plugins/Editor/SpeedTreeImporter/Content/SpeedTree9/SpeedTreeBranchMotion.uasset" 185
"../../../Engine/Content/Functions/Engine_MaterialFunctions02/ObjectLocalBounds.uasset" 186
"../../../Engine/Content/Functions/Engine_MaterialFunctions02/UVs/BoundingBoxBased_0-1_UVW.uasset" 187
"../../Plugins/Editor/SpeedTreeImporter/Content/SpeedTree9/SpeedTreeWind.uasset" 188
"../../Plugins/Editor/SpeedTreeImporter/Content/SpeedTree9/SpeedTreeBillboard.uasset" 189
"../../../Engine/Content/EngineResources/DefaultTexture.uasset" 190
"../../Plugins/Editor/SpeedTreeImporter/Content/SpeedTree9/SpeedTreeBillboardMaster.uasset" 191
"../../Plugins/Editor/SpeedTreeImporter/Content/SpeedTree9/SpeedTreeCameraFacing.uasset" 192
"../../Plugins/Editor/SpeedTreeImporter/Content/SpeedTree9/SpeedTreeMaster.uasset" 193
"../../../Engine/Content/BasicShapes/Cylinder.uasset" 194
"../../../Engine/Content/ArtTools/RenderToTexture/Materials/Debug/M_Emissive_Color.uasset" 195
"../../Plugins/Lumin/MagicLeapPassableWorld/Content/MagicLeapARPinInfoActor.uasset" 196
"../../../Engine/Content/Functions/Engine_MaterialFunctions02/Utility/BreakOutFloat4Components.uasset" 197
"../../../Engine/Content/Functions/Engine_MaterialFunctions02/Utility/MakeFloat3.uasset" 198
"../../Plugins/Runtime/Oculus/OculusVR/Content/Materials/OculusMR_ChromaKey.uasset" 199
"../../Plugins/Runtime/Oculus/OculusVR/Content/Materials/OculusMR_OpaqueColoredMaterial.uasset" 200
"../../Plugins/Runtime/Oculus/OculusVR/Content/Materials/PokeAHoleMaterial.uasset" 201
"../../../../../../Users/kezra/Documents/Project_Tethered/Content/UI/2_Character_Select/Button_Widget.uasset" 202
"../../../../../../Users/kezra/Documents/Project_Tethered/Content/UI/2_Character_Select/Character_SelectBP.uasset" 203
"../../../../../../Users/kezra/Documents/Project_Tethered/Content/UI/2_Character_Select/Char_Select_Menu.uasset" 204
"../../../../../../Users/kezra/Documents/Project_Tethered/Content/InfinityBladeGrassLands/Environments/SurfaceTypes/PhysicalMaterial_Land.uasset" 205
"../../../../../../Users/kezra/Documents/Project_Tethered/Content/InfinityBladeGrassLands/Environments/Plains/Env_Plains_Terrain/Textures/T_Grass02_D.uasset" 206
"../../../../../../Users/kezra/Documents/Project_Tethered/Content/InfinityBladeGrassLands/Environments/Plains/Env_Plains_Terrain/Textures/T_Grass01_N.uasset" 207
"../../../../../../Users/kezra/Documents/Project_Tethered/Content/InfinityBladeGrassLands/Environments/Plains/Env_Plains_Terrain/Textures/T_Grass01_D.uasset" 208
"../../../../../../Users/kezra/Documents/Project_Tethered/Content/InfinityBladeGrassLands/Environments/Plains/Env_Plains_Terrain/Textures/T_Dirt_N.uasset" 209
"../../../../../../Users/kezra/Documents/Project_Tethered/Content/InfinityBladeGrassLands/Environments/Plains/Env_Plains_Terrain/Textures/T_Dirt_D.uasset" 210
"../../../../../../Users/kezra/Documents/Project_Tethered/Content/InfinityBladeGrassLands/Environments/Plains/Env_Plains_Terrain/Materials/M_Terrain_Blend_Mobile.uasset" 211
"../../../../../../Users/kezra/Documents/Project_Tethered/Content/InfinityBladeGrassLands/Environments/Plains/Env_Plains_Terrain/Textures/T_Cliff02_N.uasset" 212
"../../../../../../Users/kezra/Documents/Project_Tethered/Content/InfinityBladeGrassLands/Environments/Plains/Env_Plains_Terrain/Textures/T_Cliff02_D.uasset" 213
"../../../../../../Users/kezra/Documents/Project_Tethered/Content/InfinityBladeGrassLands/Environments/Plains/Env_Plains_Terrain/Materials/M_Cliff02.uasset" 214
"../../../../../../Users/kezra/Documents/Project_Tethered/Content/Game_Levels/Character_Select/PLVL_Character_Select_BuiltData.uasset" 215
"../../../../../../Users/kezra/Documents/Project_Tethered/Content/Game_Levels/Character_Select/PlayerPawn.uasset" 216
"../../../../../../Users/kezra/Documents/Project_Tethered/Content/Blueprints/Game_Instance/Teth_Game_Instance.uasset" 217
"../../../../../../Users/kezra/Documents/Project_Tethered/Content/Mannequin/Character/Mesh/UE4_Mannequin_Skeleton.uasset" 218
"../../../../../../Users/kezra/Documents/Project_Tethered/Content/Mannequin/Character/Mesh/SK_Mannequin_Female_PhysicsAsset.uasset" 219
"../../../../../../Users/kezra/Documents/Project_Tethered/Content/Mannequin/Character/Textures/T_UE4Logo_Mask.uasset" 220
"../../../../../../Users/kezra/Documents/Project_Tethered/Content/Mannequin/Character/Textures/T_Male_N.uasset" 221
"../../../../../../Users/kezra/Documents/Project_Tethered/Content/Mannequin/Character/Textures/T_Male_Mask.uasset" 222
"../../../../../../Users/kezra/Documents/Project_Tethered/Content/Mannequin/Character/Textures/T_Female_N.uasset" 223
"../../../../../../Users/kezra/Documents/Project_Tethered/Content/Mannequin/Character/Textures/T_Female_Mask.uasset" 224
"../../../../../../Users/kezra/Documents/Project_Tethered/Content/Mannequin/Character/Materials/MaterialLayers/T_ML_Rubber_Blue_01_N.uasset" 225
"../../../../../../Users/kezra/Documents/Project_Tethered/Content/Mannequin/Character/Materials/MaterialLayers/T_ML_Rubber_Blue_01_D.uasset" 226
"../../../../../../Users/kezra/Documents/Project_Tethered/Content/Mannequin/Character/Materials/MaterialLayers/T_ML_Aluminum01_N.uasset" 227
"../../../../../../Users/kezra/Documents/Project_Tethered/Content/Mannequin/Character/Materials/MaterialLayers/T_ML_Aluminum01.uasset" 228
"../../../../../../Users/kezra/Documents/Project_Tethered/Content/Mannequin/Character/Materials/MaterialLayers/ML_SoftMetal_UE4.uasset" 229
"../../../../../../Users/kezra/Documents/Project_Tethered/Content/Mannequin/Character/Materials/MaterialLayers/ML_Plastic_Shiny_Beige_LOGO.uasset" 230
"../../../../../../Users/kezra/Documents/Project_Tethered/Content/Mannequin/Character/Materials/MaterialLayers/ML_Plastic_Shiny_Beige.uasset" 231
"../../../../../../Users/kezra/Documents/Project_Tethered/Content/Mannequin/Character/Materials/MaterialLayers/ML_GlossyBlack_Latex_UE4.uasset" 232
"../../../Engine/Content/Functions/MaterialLayerFunctions/MatLayerBlend_Simple.uasset" 233
"../../../Engine/Content/Functions/Engine_MaterialFunctions02/Utility/BlendAngleCorrectedNormals.uasset" 234
"../../../Engine/Content/Functions/MaterialLayerFunctions/MatLayerBlend_NormalBlend.uasset" 235
"../../../../../../Users/kezra/Documents/Project_Tethered/Content/Mannequin/Character/Materials/M_Male_Body.uasset" 236
"../../../../../../Users/kezra/Documents/Project_Tethered/Content/Mannequin/Character/Materials/MI_Female_Body.uasset" 237
"../../../../../../Users/kezra/Documents/Project_Tethered/Content/Mannequin/Character/Textures/T_UE4Logo_N.uasset" 238
"../../../../../../Users/kezra/Documents/Project_Tethered/Content/Mannequin/Character/Materials/M_UE4Man_ChestLogo.uasset" 239
"../../../../../../Users/kezra/Documents/Project_Tethered/Content/Mannequin/Character/Mesh/SK_Mannequin_Female.uasset" 240
"../../../../../../Users/kezra/Documents/Project_Tethered/Content/Mannequin/Animations/ThirdPersonWalk.uasset" 241
"../../../../../../Users/kezra/Documents/Project_Tethered/Content/Mannequin/Animations/ThirdPersonRun.uasset" 242
"../../../../../../Users/kezra/Documents/Project_Tethered/Content/Mannequin/Animations/ThirdPersonIdle.uasset" 243
"../../../../../../Users/kezra/Documents/Project_Tethered/Content/Mannequin/Animations/ThirdPerson_IdleRun_2D.uasset" 244
"../../../../../../Users/kezra/Documents/Project_Tethered/Content/Mannequin/Animations/ThirdPerson_Jump.uasset" 245
"../../../../../../Users/kezra/Documents/Project_Tethered/Content/Mannequin/Animations/ThirdPersonJump_Start.uasset" 246
"../../../../../../Users/kezra/Documents/Project_Tethered/Content/Mannequin/Animations/ThirdPersonJump_Loop.uasset" 247
"../../../../../../Users/kezra/Documents/Project_Tethered/Content/Mannequin/Animations/ThirdPerson_AnimBP.uasset" 248
"../../../../../../Users/kezra/Documents/Project_Tethered/Content/Blueprints/Characters/Riders/RiderThirdPerson.uasset" 249
"../../../../../../Users/kezra/Documents/Project_Tethered/Content/UI/2_Character_Select/Rider.uasset" 250
"../../../../../../Users/kezra/Documents/Project_Tethered/Content/Game_Levels/Character_Select/Choose_Actor.uasset" 251
"../../../../../../Users/kezra/Documents/Project_Tethered/Content/Game_Levels/Character_Select/Choose_Rider.uasset" 252
"../../../../../../Users/kezra/Documents/Project_Tethered/Content/QuadrapedCreatures/Griffon/Meshes/SK_Griffon_Physics.uasset" 253
"../../../../../../Users/kezra/Documents/Project_Tethered/Content/QuadrapedCreatures/Griffon/Textures/T_Griffon_Feathers_OcclusionRoughnessMetallicSpecular.uasset" 254
"../../../../../../Users/kezra/Documents/Project_Tethered/Content/QuadrapedCreatures/Griffon/Textures/T_Griffon_Feathers_nml.uasset" 255
"../../../../../../Users/kezra/Documents/Project_Tethered/Content/QuadrapedCreatures/Griffon/Textures/T_Griffon_Feathers.uasset" 256
"../../../../../../Users/kezra/Documents/Project_Tethered/Content/QuadrapedCreatures/Griffon/Materials/M_Griffon_Feathers.uasset" 257
"../../../../../../Users/kezra/Documents/Project_Tethered/Content/QuadrapedCreatures/Griffon/Textures/T_GRIFFON_OcclusionRoughnessMetallicSpecular.uasset" 258
"../../../../../../Users/kezra/Documents/Project_Tethered/Content/QuadrapedCreatures/Griffon/Textures/T_GRIFFON_nml.uasset" 259
"../../../../../../Users/kezra/Documents/Project_Tethered/Content/QuadrapedCreatures/Griffon/Textures/T_Griffon_BaseColor.uasset" 260
"../../../../../../Users/kezra/Documents/Project_Tethered/Content/QuadrapedCreatures/Griffon/Materials/M_Griffon.uasset" 261
"../../../../../../Users/kezra/Documents/Project_Tethered/Content/QuadrapedCreatures/Griffon/Meshes/SK_Griffon_Skeleton.uasset" 262
"../../../../../../Users/kezra/Documents/Project_Tethered/Content/QuadrapedCreatures/Griffon/Meshes/SK_Griffon.uasset" 263
"../../../../../../Users/kezra/Documents/Project_Tethered/Content/Temp_AssetFolder_Kez/Kez_Zoo/Kez_Griffin_Practice/Griffin_ThirdPersonBP/Blueprints/Griffin_ThirdPersonCharacter.uasset" 264
"../../../../../../Users/kezra/Documents/Project_Tethered/Content/QuadrapedCreatures/Griffon/Animations/ANIM_Griffon_Walk.uasset" 265
"../../../../../../Users/kezra/Documents/Project_Tethered/Content/QuadrapedCreatures/Griffon/Animations/ANIM_Griffon_Gallop.uasset" 266
"../../../../../../Users/kezra/Documents/Project_Tethered/Content/QuadrapedCreatures/Griffon/Animations/ANIM_Griffon_Idle.uasset" 267
"../../../../../../Users/kezra/Documents/Project_Tethered/Content/Temp_AssetFolder_Kez/Kez_Zoo/Kez_Griffin_Practice/Griffin_ThirdPersonBP/Blueprints/Kez_Griffin_Ground_Blendspace.uasset" 268
"../../../../../../Users/kezra/Documents/Project_Tethered/Content/QuadrapedCreatures/Griffon/Animations/ANIM_Griffon_FlyRightStationary.uasset" 269
"../../../../../../Users/kezra/Documents/Project_Tethered/Content/QuadrapedCreatures/Griffon/Animations/ANIM_Griffon_FlyNormal.uasset" 270
"../../../../../../Users/kezra/Documents/Project_Tethered/Content/QuadrapedCreatures/Griffon/Animations/ANIM_Griffon_FlyLeftStationary.uasset" 271
"../../../../../../Users/kezra/Documents/Project_Tethered/Content/QuadrapedCreatures/Griffon/Animations/ANIM_Griffon_Glide.uasset" 272
"../../../../../../Users/kezra/Documents/Project_Tethered/Content/QuadrapedCreatures/Griffon/Animations/ANIM_Griffon_FlyStationary.uasset" 273
"../../../../../../Users/kezra/Documents/Project_Tethered/Content/Temp_AssetFolder_Kez/Kez_Zoo/Kez_Griffin_Practice/Griffin_ThirdPersonBP/Blueprints/Kez_Griffin_Flying_Blendspace.uasset" 274
"../../../../../../Users/kezra/Documents/Project_Tethered/Content/QuadrapedCreatures/Griffon/Animations/ANIM_Griffon_Swooping.uasset" 275
"../../../../../../Users/kezra/Documents/Project_Tethered/Content/QuadrapedCreatures/Griffon/Animations/ANIM_Griffon_JumpToFly.uasset" 276
"../../../../../../Users/kezra/Documents/Project_Tethered/Content/Temp_AssetFolder_Kez/Kez_Zoo/Kez_Griffin_Practice/Kez_Griffin_Anim_BP.uasset" 277
"../../../../../../Users/kezra/Documents/Project_Tethered/Content/Blueprints/Characters/Mounts/Griffin/Griffin_ThirdPersonBP/Blueprints/Griffin_ThirdPersonChar.uasset" 278
"../../../../../../Users/kezra/Documents/Project_Tethered/Content/UI/2_Character_Select/Mount.uasset" 279
"../../../../../../Users/kezra/Documents/Project_Tethered/Content/Game_Levels/Character_Select/Choose_Mount.uasset" 280
"../../../../../../Users/kezra/Documents/Project_Tethered/Content/Game_Levels/Character_Select/Char_Select_Gamemode.uasset" 281
"../../../../../../Users/kezra/Documents/Project_Tethered/Content/Blueprints/Characters/Mounts/Griffin/Kez_Griffin.uasset" 282
"../../../../../../Users/kezra/Documents/Project_Tethered/Content/QuadrapedCreatures/MountainDragon/Meshes/MOUNTAIN_DRAGON_Skeleton.uasset" 283
"../../../../../../Users/kezra/Documents/Project_Tethered/Content/QuadrapedCreatures/MountainDragon/Textures/T_MOUNTAIN_DRAGON_RoughnessSpecularMetallic.uasset" 284
"../../../../../../Users/kezra/Documents/Project_Tethered/Content/QuadrapedCreatures/MountainDragon/Textures/T_MOUNTAIN_DRAGON_NRM.uasset" 285
"../../../../../../Users/kezra/Documents/Project_Tethered/Content/QuadrapedCreatures/MountainDragon/Textures/T_MOUNTAIN_DRAGON_ILLUM.uasset" 286
"../../../../../../Users/kezra/Documents/Project_Tethered/Content/QuadrapedCreatures/MountainDragon/Textures/T_MOUNTAIN_DRAGON_AO.uasset" 287
"../../../../../../Users/kezra/Documents/Project_Tethered/Content/QuadrapedCreatures/MountainDragon/Textures/T_MOUNTAIN_DRAGON_ALBEDO.uasset" 288
"../../../../../../Users/kezra/Documents/Project_Tethered/Content/QuadrapedCreatures/MountainDragon/Materials/M_MOUNTAIN_DRAGON.uasset" 289
"../../../../../../Users/kezra/Documents/Project_Tethered/Content/QuadrapedCreatures/MountainDragon/Meshes/MOUNTAIN_DRAGON_PhysicsAsset.uasset" 290
"../../../../../../Users/kezra/Documents/Project_Tethered/Content/QuadrapedCreatures/MountainDragon/Meshes/SK_MOUNTAIN_DRAGON.uasset" 291
"../../../../../../Users/kezra/Documents/Project_Tethered/Content/Blueprints/Characters/DeathAI/DeathAIController.uasset" 292
"../../../../../../Users/kezra/Documents/Project_Tethered/Content/Blueprints/Characters/DeathAI/DeathStill.uasset" 293
"../../../../../../Users/kezra/Documents/Project_Tethered/Content/Game_Levels/Character_Select/PLVL_Character_Select.umap" 294
"../../../../../../Users/kezra/Documents/Project_Tethered/Content/Game_Levels/Character_Select/SLVL_Art.umap" 295
"../../../../../../Users/kezra/Documents/Project_Tethered/Content/Game_Levels/Character_Select/SLVL_UI_Cameras.umap" 296
"../../../../../../Users/kezra/Documents/Project_Tethered/Content/Game_Levels/Tethered_Realm/PLVL_Tethered_Realm_BuiltData.uasset" 297
"../../../../../../Users/kezra/Documents/Project_Tethered/Content/Game_Levels/Tethered_Realm/Tethered_Realm_Gamemode.uasset" 298
"../../../../../../Users/kezra/Documents/Project_Tethered/Content/QuadrapedCreatures/MountainDragon/Animations/ANIM_MOUNTAIN_DRAGON_idleBreathe.uasset" 299
"../../../../../../Users/kezra/Documents/Project_Tethered/Content/Blueprints/Characters/DeathAI/DeathAnimBP.uasset" 300
"../../../../../../Users/kezra/Documents/Project_Tethered/Content/Game_Levels/Tethered_Realm/PLVL_Tethered_Realm.umap" 301
"../../../../../../Users/kezra/Documents/Project_Tethered/Content/UI/1_Main_Menu/Menu_sCreen.uasset" 302
"../../../../../../Users/kezra/Documents/Project_Tethered/Content/UI/1_Main_Menu/UI_Main_Menu.uasset" 303
"../../../../../../Users/kezra/Documents/Project_Tethered/Content/UI/1_Main_Menu/PLVL_MainMenu_BuiltData.uasset" 304
"../../../../../../Users/kezra/Documents/Project_Tethered/Content/UI/1_Main_Menu/PLVL_MainMenu.umap" 305
"../../../Engine/Content/Maps/Entry_BuiltData.uasset" 306
"../../../Engine/Content/Maps/Entry.umap" 307
